[14Dec2024 00:00:10.548] [Server thread/INFO] [net.minecraft.world.entity.LivingEntity/]: Named entity Skeleton['Lvl 1 | Skeleton | ❤ 0/25'/22165, l='ServerLevel[world]', x=7.30, y=91.00, z=89.70] died: Lvl 1 | Skeleton | ❤ 0/25 was slain by blueplayer66
[14Dec2024 00:00:16.511] [Server thread/INFO] [net.minecraft.world.entity.LivingEntity/]: Named entity Spider['Lvl 1 | Spider | ❤ 0/18'/22167, l='ServerLevel[world]', x=14.77, y=91.00, z=88.22] died: Lvl 1 | Spider | ❤ 0/18 was slain by blueplayer66
[14Dec2024 00:00:17.604] [Server thread/INFO] [net.minecraft.world.entity.LivingEntity/]: Named entity Skeleton['Lvl 1 | Skeleton | ❤ 0/24'/22907, l='ServerLevel[world]', x=16.70, y=91.00, z=89.97] died: Lvl 1 | Skeleton | ❤ 0/24 was slain by blueplayer66
[14Dec2024 00:00:18.761] [Server thread/INFO] [net.minecraft.world.entity.LivingEntity/]: Named entity Spider['Lvl 1 | Spider | ❤ 0/16'/21724, l='ServerLevel[world]', x=15.04, y=92.09, z=88.46] died: Lvl 1 | Spider | ❤ 0/16 was slain by blueplayer66
[14Dec2024 00:00:22.000] [Server thread/INFO] [net.minecraft.world.entity.LivingEntity/]: Named entity Spider['Lvl 1 | Spider | ❤ 0/20'/21701, l='ServerLevel[world]', x=16.74, y=92.10, z=95.74] died: Lvl 1 | Spider | ❤ 0/20 was slain by blueplayer66
[14Dec2024 00:00:26.099] [Server thread/INFO] [net.minecraft.world.entity.LivingEntity/]: Named entity Spider['Lvl 1 | Spider | ❤ 0/20'/22901, l='ServerLevel[world]', x=14.02, y=95.10, z=95.30] died: Lvl 1 | Spider | ❤ 0/20 was slain by blueplayer66
[14Dec2024 00:01:18.247] [Server thread/INFO] [net.minecraft.world.entity.LivingEntity/]: Named entity GnomeEntity['Lvl 1 | mobs.terramity_cave_gnome | ❤ 0/13'/24474, l='ServerLevel[world]', x=22.50, y=-1.00, z=66.50] died: Lvl 1 | mobs.terramity_cave_gnome | ❤ 0/13 fell from a high place
[14Dec2024 00:01:18.299] [Server thread/INFO] [net.minecraft.world.entity.LivingEntity/]: Named entity GnomeEntity['Lvl 1 | mobs.terramity_cave_gnome | ❤ 0/12'/24476, l='ServerLevel[world]', x=17.50, y=-2.00, z=61.50] died: Lvl 1 | mobs.terramity_cave_gnome | ❤ 0/12 fell from a high place
[14Dec2024 00:01:33.500] [Server thread/INFO] [net.minecraft.world.entity.LivingEntity/]: Named entity DarkOakSkeletonEntity['Lvl 1 | mobs.luminousworld_dark_oak_skeleton | ❤ 0/26'/24433, l='ServerLevel[world]', x=2.01, y=72.79, z=89.70] died: Lvl 1 | mobs.luminousworld_dark_oak_skeleton | ❤ 0/26 was shot by Lvl 1 | mobs.luminousworld_dark_oak_skeleton | ❤ 28/28
[14Dec2024 00:01:42.248] [Server thread/INFO] [net.minecraft.world.entity.LivingEntity/]: Named entity SprinterEntity['Lvl 1 | mobs.enemyexpansion_sprinter | ❤ 0/15'/24280, l='ServerLevel[world]', x=-0.30, y=72.00, z=84.19] died: Lvl 1 | mobs.enemyexpansion_sprinter | ❤ 0/15 was slain by blueplayer66
[14Dec2024 00:01:48.451] [Server thread/INFO] [net.minecraft.world.entity.LivingEntity/]: Named entity DarkOakSkeletonEntity['Lvl 1 | mobs.luminousworld_dark_oak_skeleton | ❤ 0/28'/24434, l='ServerLevel[world]', x=-15.57, y=70.00, z=87.70] died: Lvl 1 | mobs.luminousworld_dark_oak_skeleton | ❤ 0/28 was slain by blueplayer66
[14Dec2024 00:01:49.597] [Server thread/INFO] [net.minecraft.world.entity.LivingEntity/]: Named entity GnomeEntity['Lvl 1 | mobs.terramity_cave_gnome | ❤ 0/10'/24569, l='ServerLevel[world]', x=9.50, y=5.00, z=69.50] died: Lvl 1 | mobs.terramity_cave_gnome | ❤ 0/10 fell from a high place
[14Dec2024 00:02:04.199] [Server thread/INFO] [net.minecraft.world.entity.LivingEntity/]: Named entity DarkOakSkeletonEntity['Lvl 1 | mobs.luminousworld_dark_oak_skeleton | ❤ 0/28'/24435, l='ServerLevel[world]', x=-16.59, y=69.00, z=78.01] died: Lvl 1 | mobs.luminousworld_dark_oak_skeleton | ❤ 0/28 was slain by blueplayer66
[14Dec2024 00:02:38.641] [User Authenticator #6/INFO] [net.minecraft.server.network.ServerLoginPacketListenerImpl/]: UUID of player Namty is c4518317-8c57-3ce5-bf62-d522726cb315
[14Dec2024 00:02:45.863] [Server thread/INFO] [net.minecraft.server.players.PlayerList/]: Namty[/127.199.177.133:36767] logged in with entity id 24681 at (59.89262323561998, 72.0, 103.76828274012044)
[14Dec2024 00:02:47.521] [Server thread/INFO] [net.minecraft.server.MinecraftServer/]: Namty joined the game
[14Dec2024 00:03:01.499] [Server thread/INFO] [net.minecraft.world.entity.LivingEntity/]: Named entity GnomeEntity['Lvl 1 | mobs.terramity_cave_gnome | ❤ 0/10'/24740, l='ServerLevel[world]', x=3.50, y=65.00, z=-10.50] died: Lvl 1 | mobs.terramity_cave_gnome | ❤ 0/10 fell from a high place
[14Dec2024 00:03:20.699] [Server thread/INFO] [net.minecraft.world.entity.LivingEntity/]: Named entity GnomeEntity['Lvl 1 | mobs.terramity_cave_gnome | ❤ 0/14'/24762, l='ServerLevel[world]', x=-48.50, y=62.00, z=-43.50] died: Lvl 1 | mobs.terramity_cave_gnome | ❤ 0/14 fell from a high place
[14Dec2024 00:03:20.699] [Server thread/INFO] [net.minecraft.world.entity.LivingEntity/]: Named entity GnomeEntity['Lvl 1 | mobs.terramity_cave_gnome | ❤ 0/10'/24763, l='ServerLevel[world]', x=-49.50, y=62.00, z=-44.50] died: Lvl 1 | mobs.terramity_cave_gnome | ❤ 0/10 fell from a high place
[14Dec2024 00:04:11.299] [Server thread/INFO] [net.minecraft.world.entity.LivingEntity/]: Named entity GnomeEntity['Lvl 1 | mobs.terramity_cave_gnome | ❤ 0/11'/24871, l='ServerLevel[world]', x=-51.50, y=65.00, z=14.50] died: Lvl 1 | mobs.terramity_cave_gnome | ❤ 0/11 fell from a high place
[14Dec2024 00:04:11.300] [Server thread/INFO] [net.minecraft.world.entity.LivingEntity/]: Named entity GnomeEntity['Lvl 1 | mobs.terramity_cave_gnome | ❤ 0/13'/24872, l='ServerLevel[world]', x=-52.50, y=65.00, z=15.50] died: Lvl 1 | mobs.terramity_cave_gnome | ❤ 0/13 fell from a high place
[14Dec2024 00:04:11.300] [Server thread/INFO] [net.minecraft.world.entity.LivingEntity/]: Named entity GnomeEntity['Lvl 1 | mobs.terramity_cave_gnome | ❤ 0/12'/24873, l='ServerLevel[world]', x=-48.50, y=65.00, z=17.50] died: Lvl 1 | mobs.terramity_cave_gnome | ❤ 0/12 fell from a high place
[14Dec2024 00:04:11.301] [Server thread/INFO] [net.minecraft.world.entity.LivingEntity/]: Named entity GnomeEntity['Lvl 1 | mobs.terramity_cave_gnome | ❤ 0/14'/24874, l='ServerLevel[world]', x=-46.50, y=66.00, z=15.50] died: Lvl 1 | mobs.terramity_cave_gnome | ❤ 0/14 fell from a high place
[14Dec2024 00:05:33.197] [Server thread/INFO] [net.minecraft.world.entity.LivingEntity/]: Named entity GnomeEntity['Lvl 1 | mobs.terramity_cave_gnome | ❤ 0/12'/25128, l='ServerLevel[world]', x=-76.50, y=2.00, z=68.50] died: Lvl 1 | mobs.terramity_cave_gnome | ❤ 0/12 fell from a high place
[14Dec2024 00:05:33.549] [Server thread/INFO] [net.minecraft.world.entity.LivingEntity/]: Named entity GnomeEntity['Lvl 1 | mobs.terramity_cave_gnome | ❤ 0/11'/25127, l='ServerLevel[world]', x=-76.50, y=-8.00, z=75.50] died: Lvl 1 | mobs.terramity_cave_gnome | ❤ 0/11 fell from a high place
[14Dec2024 00:05:33.597] [Server thread/INFO] [net.minecraft.world.entity.LivingEntity/]: Named entity GnomeEntity['Lvl 1 | mobs.terramity_cave_gnome | ❤ 0/12'/25126, l='ServerLevel[world]', x=-76.50, y=-10.00, z=73.50] died: Lvl 1 | mobs.terramity_cave_gnome | ❤ 0/12 fell from a high place
[14Dec2024 00:06:31.598] [Server thread/INFO] [net.minecraft.world.entity.LivingEntity/]: Named entity GnomeEntity['Lvl 1 | mobs.terramity_cave_gnome | ❤ 0/11'/25337, l='ServerLevel[world]', x=66.50, y=-30.00, z=70.50] died: Lvl 1 | mobs.terramity_cave_gnome | ❤ 0/11 fell from a high place
[14Dec2024 00:08:32.795] [Server thread/INFO] [net.minecraft.world.entity.LivingEntity/]: Named entity TropicalFish['TropicalFish  1 / 3'/25509, l='ServerLevel[world]', x=5.48, y=42.24, z=125.34] died: TropicalFish  1 / 3 was slain by Axolotl - 13 / 14 92%
[14Dec2024 00:08:40.448] [Server thread/INFO] [net.minecraft.world.entity.LivingEntity/]: Named entity GnomeEntity['Lvl 1 | mobs.terramity_cave_gnome | ❤ 0/14'/25829, l='ServerLevel[world]', x=72.50, y=-32.00, z=63.50] died: Lvl 1 | mobs.terramity_cave_gnome | ❤ 0/14 fell from a high place
[14Dec2024 00:08:40.449] [Server thread/INFO] [net.minecraft.world.entity.LivingEntity/]: Named entity GnomeEntity['Lvl 1 | mobs.terramity_cave_gnome | ❤ 0/11'/25830, l='ServerLevel[world]', x=72.50, y=-33.00, z=59.50] died: Lvl 1 | mobs.terramity_cave_gnome | ❤ 0/11 fell from a high place
[14Dec2024 00:09:41.846] [Server thread/INFO] [net.minecraft.world.entity.LivingEntity/]: Named entity GnomeEntity['Lvl 1 | mobs.terramity_cave_gnome | ❤ 0/13'/26022, l='ServerLevel[world]', x=38.50, y=-4.00, z=65.50] died: Lvl 1 | mobs.terramity_cave_gnome | ❤ 0/13 fell from a high place
[14Dec2024 00:09:41.898] [Server thread/INFO] [net.minecraft.world.entity.LivingEntity/]: Named entity GnomeEntity['Lvl 1 | mobs.terramity_cave_gnome | ❤ 0/14'/26021, l='ServerLevel[world]', x=38.50, y=-5.00, z=60.50] died: Lvl 1 | mobs.terramity_cave_gnome | ❤ 0/14 fell from a high place
[14Dec2024 00:09:41.948] [Server thread/INFO] [net.minecraft.world.entity.LivingEntity/]: Named entity GnomeEntity['Lvl 1 | mobs.terramity_cave_gnome | ❤ 0/13'/26020, l='ServerLevel[world]', x=39.50, y=-7.00, z=55.50] died: Lvl 1 | mobs.terramity_cave_gnome | ❤ 0/13 fell from a high place
[14Dec2024 00:09:49.047] [Server thread/INFO] [net.minecraft.world.entity.LivingEntity/]: Named entity GnomeEntity['Lvl 1 | mobs.terramity_cave_gnome | ❤ 0/11'/26049, l='ServerLevel[world]', x=21.50, y=-2.00, z=60.50] died: Lvl 1 | mobs.terramity_cave_gnome | ❤ 0/11 fell from a high place
[14Dec2024 00:09:49.048] [Server thread/INFO] [net.minecraft.world.entity.LivingEntity/]: Named entity GnomeEntity['Lvl 1 | mobs.terramity_cave_gnome | ❤ 0/13'/26050, l='ServerLevel[world]', x=23.50, y=-2.00, z=63.50] died: Lvl 1 | mobs.terramity_cave_gnome | ❤ 0/13 fell from a high place
[14Dec2024 00:09:49.049] [Server thread/INFO] [net.minecraft.world.entity.LivingEntity/]: Named entity GnomeEntity['Lvl 1 | mobs.terramity_cave_gnome | ❤ 0/10'/26051, l='ServerLevel[world]', x=19.50, y=-2.00, z=54.50] died: Lvl 1 | mobs.terramity_cave_gnome | ❤ 0/10 fell from a high place
[14Dec2024 00:09:49.050] [Server thread/INFO] [net.minecraft.world.entity.LivingEntity/]: Named entity GnomeEntity['Lvl 1 | mobs.terramity_cave_gnome | ❤ 0/14'/26052, l='ServerLevel[world]', x=21.50, y=-2.00, z=55.50] died: Lvl 1 | mobs.terramity_cave_gnome | ❤ 0/14 fell from a high place
[14Dec2024 00:10:58.252] [Server thread/INFO] [net.minecraft.world.entity.LivingEntity/]: Named entity GnomeEntity['Lvl 1 | mobs.terramity_cave_gnome | ❤ 0/11'/26234, l='ServerLevel[world]', x=33.50, y=-3.00, z=67.50] died: Lvl 1 | mobs.terramity_cave_gnome | ❤ 0/11 fell from a high place
[14Dec2024 00:10:58.253] [Server thread/INFO] [net.minecraft.world.entity.LivingEntity/]: Named entity GnomeEntity['Lvl 1 | mobs.terramity_cave_gnome | ❤ 0/12'/26235, l='ServerLevel[world]', x=33.50, y=-4.00, z=63.50] died: Lvl 1 | mobs.terramity_cave_gnome | ❤ 0/12 fell from a high place
[14Dec2024 00:11:19.099] [Server thread/INFO] [net.minecraft.world.entity.LivingEntity/]: Named entity GnomeEntity['Lvl 1 | mobs.terramity_cave_gnome | ❤ 0/11'/26276, l='ServerLevel[world]', x=96.50, y=-24.00, z=37.50] died: Lvl 1 | mobs.terramity_cave_gnome | ❤ 0/11 fell from a high place
[14Dec2024 00:12:24.450] [Server thread/INFO] [net.minecraft.world.entity.LivingEntity/]: Named entity GnomeEntity['Lvl 1 | mobs.terramity_cave_gnome | ❤ 0/13'/26397, l='ServerLevel[world]', x=22.50, y=67.00, z=-18.50] died: Lvl 1 | mobs.terramity_cave_gnome | ❤ 0/13 fell from a high place
[14Dec2024 00:12:24.451] [Server thread/INFO] [net.minecraft.world.entity.LivingEntity/]: Named entity GnomeEntity['Lvl 1 | mobs.terramity_cave_gnome | ❤ 0/12'/26398, l='ServerLevel[world]', x=20.50, y=67.00, z=-18.50] died: Lvl 1 | mobs.terramity_cave_gnome | ❤ 0/12 fell from a high place
[14Dec2024 00:12:32.599] [Server thread/INFO] [net.minecraft.world.entity.LivingEntity/]: Named entity GnomeEntity['Lvl 1 | mobs.terramity_cave_gnome | ❤ 0/12'/26415, l='ServerLevel[world]', x=52.50, y=-29.00, z=59.50] died: Lvl 1 | mobs.terramity_cave_gnome | ❤ 0/12 fell from a high place
[14Dec2024 00:12:32.600] [Server thread/INFO] [net.minecraft.world.entity.LivingEntity/]: Named entity GnomeEntity['Lvl 1 | mobs.terramity_cave_gnome | ❤ 0/14'/26416, l='ServerLevel[world]', x=52.50, y=-29.00, z=58.50] died: Lvl 1 | mobs.terramity_cave_gnome | ❤ 0/14 fell from a high place
[14Dec2024 00:12:32.601] [Server thread/INFO] [net.minecraft.world.entity.LivingEntity/]: Named entity GnomeEntity['Lvl 1 | mobs.terramity_cave_gnome | ❤ 0/14'/26417, l='ServerLevel[world]', x=52.50, y=-29.00, z=56.50] died: Lvl 1 | mobs.terramity_cave_gnome | ❤ 0/14 fell from a high place
[14Dec2024 00:12:32.601] [Server thread/INFO] [net.minecraft.world.entity.LivingEntity/]: Named entity GnomeEntity['Lvl 1 | mobs.terramity_cave_gnome | ❤ 0/13'/26418, l='ServerLevel[world]', x=54.50, y=-29.00, z=61.50] died: Lvl 1 | mobs.terramity_cave_gnome | ❤ 0/13 fell from a high place
[14Dec2024 00:13:14.246] [Server thread/INFO] [net.minecraft.world.entity.LivingEntity/]: Named entity GnomeEntity['Lvl 1 | mobs.terramity_cave_gnome | ❤ 0/10'/26464, l='ServerLevel[world]', x=-15.50, y=60.13, z=-34.50] died: Lvl 1 | mobs.terramity_cave_gnome | ❤ 0/10 fell from a high place
[14Dec2024 00:13:14.247] [Server thread/INFO] [net.minecraft.world.entity.LivingEntity/]: Named entity GnomeEntity['Lvl 1 | mobs.terramity_cave_gnome | ❤ 0/10'/26465, l='ServerLevel[world]', x=-15.50, y=60.00, z=-33.50] died: Lvl 1 | mobs.terramity_cave_gnome | ❤ 0/10 fell from a high place
[14Dec2024 00:13:24.725] [User Authenticator #7/INFO] [net.minecraft.server.network.ServerLoginPacketListenerImpl/]: UUID of player Shadyx28x is 34b40136-b9b3-3c85-9dcd-a653aa99d433
[14Dec2024 00:13:27.517] [Server thread/INFO] [net.minecraft.server.players.PlayerList/]: Shadyx28x[/127.10.247.90:58961] logged in with entity id 26486 at (51.13532830252234, 87.0, 61.29970297597926)
[14Dec2024 00:13:29.322] [Server thread/INFO] [net.minecraft.server.MinecraftServer/]: Shadyx28x joined the game
[14Dec2024 00:14:14.598] [Server thread/INFO] [net.minecraft.world.entity.LivingEntity/]: Named entity GnomeEntity['Lvl 1 | mobs.terramity_cave_gnome | ❤ 0/11'/26577, l='ServerLevel[world]', x=66.50, y=-28.00, z=50.50] died: Lvl 1 | mobs.terramity_cave_gnome | ❤ 0/11 fell from a high place
[14Dec2024 00:14:21.445] [Server thread/INFO] [Console/]: %vault_prefix% Shadyx28x is bleeding so bad..
[14Dec2024 00:14:34.000] [Server thread/INFO] [Console/]: %vault_prefix% Shadyx28x bled until death..
[14Dec2024 00:14:39.345] [Server thread/INFO] [net.minecraft.world.entity.LivingEntity/]: Named entity Pillager['Lvl 1 | Pillager | ❤ 0/27'/17567, l='ServerLevel[world]', x=66.56, y=81.00, z=64.32] died: Lvl 1 | Pillager | ❤ 0/27 was slain by [Lvl.1] Grimoireofgaia Minotaurus - 80 / 80 100% - 58 / 80 71%
[14Dec2024 00:14:47.495] [Server thread/INFO] [net.minecraft.world.entity.LivingEntity/]: Named entity GlowSquid['GlowSquid  2 / 10'/26611, l='ServerLevel[world]', x=46.30, y=29.89, z=108.44] died: GlowSquid  2 / 10 was slain by Axolotl - 10 / 14 71%
[14Dec2024 00:14:52.445] [Server thread/INFO] [net.minecraft.world.entity.LivingEntity/]: Named entity Axolotl['Axolotl  3 / 14'/25174, l='ServerLevel[world]', x=-18.16, y=42.28, z=135.72] died: Axolotl  3 / 14 was slain by [Lvl.2] Drowned - 24 / 24 100%  7 / 24
[14Dec2024 00:14:59.043] [Server thread/INFO] [net.minecraft.world.entity.LivingEntity/]: Named entity GlowSquid['GlowSquid  2 / 10'/26609, l='ServerLevel[world]', x=45.40, y=32.00, z=101.41] died: GlowSquid  2 / 10 was slain by Axolotl - 10 / 14 71%
[14Dec2024 00:15:15.797] [Server thread/INFO] [net.minecraft.world.entity.LivingEntity/]: Named entity GnomeEntity['Lvl 1 | mobs.terramity_cave_gnome | ❤ 0/13'/26701, l='ServerLevel[world]', x=90.50, y=-5.00, z=74.50] died: Lvl 1 | mobs.terramity_cave_gnome | ❤ 0/13 fell from a high place
[14Dec2024 00:16:17.544] [Server thread/INFO] [net.minecraft.world.entity.LivingEntity/]: Named entity Axolotl['Axolotl  1 / 14'/10409, l='ServerLevel[world]', x=93.50, y=-32.00, z=23.50] died: Axolotl  1 / 14 died from dehydration
[14Dec2024 00:17:16.952] [Server thread/INFO] [net.minecraft.world.entity.LivingEntity/]: Named entity GnomeEntity['Lvl 1 | mobs.terramity_cave_gnome | ❤ 0/14'/26902, l='ServerLevel[world]', x=37.50, y=-7.00, z=48.50] died: Lvl 1 | mobs.terramity_cave_gnome | ❤ 0/14 fell from a high place
[14Dec2024 00:18:38.398] [Server thread/INFO] [net.minecraft.world.entity.LivingEntity/]: Named entity GnomeEntity['Lvl 1 | mobs.terramity_cave_gnome | ❤ 0/15'/27073, l='ServerLevel[world]', x=82.50, y=-33.00, z=72.50] died: Lvl 1 | mobs.terramity_cave_gnome | ❤ 0/15 fell from a high place
[14Dec2024 00:18:52.748] [Server thread/INFO] [net.minecraft.world.entity.LivingEntity/]: Named entity GnomeEntity['Lvl 1 | mobs.terramity_cave_gnome | ❤ 0/11'/27152, l='ServerLevel[world]', x=3.50, y=14.00, z=68.50] died: Lvl 1 | mobs.terramity_cave_gnome | ❤ 0/11 fell from a high place
[14Dec2024 00:19:02.250] [Server thread/INFO] [net.minecraft.world.entity.LivingEntity/]: Named entity GnomeEntity['Lvl 1 | mobs.terramity_cave_gnome | ❤ 0/12'/27167, l='ServerLevel[world]', x=-26.50, y=36.00, z=-36.50] died: Lvl 1 | mobs.terramity_cave_gnome | ❤ 0/12 fell from a high place
[14Dec2024 00:20:00.752] [Server thread/INFO] [net.minecraft.world.entity.LivingEntity/]: Named entity Zombie['Lvl 1 | Zombie | ❤ 0/22'/21714, l='ServerLevel[world]', x=-7.31, y=71.00, z=76.91] died: Lvl 1 | Zombie | ❤ 0/22 was slain by Namty
[14Dec2024 00:20:27.998] [Server thread/INFO] [Console/]: %vault_prefix% Shadyx28x is bleeding so bad..
[14Dec2024 00:20:51.949] [Server thread/INFO] [Console/]: %vault_prefix% Shadyx28x bled until death..
[14Dec2024 00:21:32.748] [Server thread/INFO] [net.minecraft.world.entity.LivingEntity/]: Named entity GnomeEntity['Lvl 1 | mobs.terramity_cave_gnome | ❤ 0/11'/28180, l='ServerLevel[world]', x=-42.50, y=65.00, z=-4.50] died: Lvl 1 | mobs.terramity_cave_gnome | ❤ 0/11 fell from a high place
[14Dec2024 00:21:32.749] [Server thread/INFO] [net.minecraft.world.entity.LivingEntity/]: Named entity GnomeEntity['Lvl 1 | mobs.terramity_cave_gnome | ❤ 0/10'/28181, l='ServerLevel[world]', x=-43.50, y=65.00, z=-3.50] died: Lvl 1 | mobs.terramity_cave_gnome | ❤ 0/10 fell from a high place
[14Dec2024 00:23:02.498] [Server thread/INFO] [net.minecraft.world.entity.LivingEntity/]: Named entity GnomeEntity['Lvl 1 | mobs.terramity_cave_gnome | ❤ 0/10'/28766, l='ServerLevel[world]', x=1.50, y=67.00, z=-30.50] died: Lvl 1 | mobs.terramity_cave_gnome | ❤ 0/10 fell from a high place
[14Dec2024 00:23:02.499] [Server thread/INFO] [net.minecraft.world.entity.LivingEntity/]: Named entity GnomeEntity['Lvl 1 | mobs.terramity_cave_gnome | ❤ 0/14'/28767, l='ServerLevel[world]', x=1.50, y=67.00, z=-31.50] died: Lvl 1 | mobs.terramity_cave_gnome | ❤ 0/14 fell from a high place
[14Dec2024 00:23:12.374] [Async Chat Thread - #14/INFO] [net.minecraft.server.MinecraftServer/]: [Not Secure] <blueplayer66> se escucha la comedera xd
[14Dec2024 00:23:17.500] [Server thread/INFO] [net.minecraft.world.entity.LivingEntity/]: Named entity GnomeEntity['Lvl 1 | mobs.terramity_cave_gnome | ❤ 0/14'/28825, l='ServerLevel[world]', x=-68.50, y=1.00, z=65.50] died: Lvl 1 | mobs.terramity_cave_gnome | ❤ 0/14 fell from a high place
[14Dec2024 00:23:19.454] [Server thread/INFO] [net.minecraft.world.entity.LivingEntity/]: Named entity ThehunterEntity['Lvl 1 | mobs.undead_revamp2_thehunter | ❤ 0/20'/28640, l='ServerLevel[world]', x=37.91, y=75.62, z=77.00] died: Lvl 1 | mobs.undead_revamp2_thehunter | ❤ 0/20 was slain by Shadyx28x
[14Dec2024 00:23:23.475] [Async Chat Thread - #14/INFO] [net.minecraft.server.MinecraftServer/]: [Not Secure] <blueplayer66> jajja
[14Dec2024 00:23:25.117] [Server thread/INFO] [net.minecraft.world.entity.LivingEntity/]: Named entity DarkOakSkeletonEntity['Lvl 1 | mobs.luminousworld_dark_oak_skeleton | ❤ 0/27'/27428, l='ServerLevel[world]', x=32.98, y=75.00, z=72.30] died: Lvl 1 | mobs.luminousworld_dark_oak_skeleton | ❤ 0/27 was slain by Shadyx28x
[14Dec2024 00:23:27.449] [Server thread/INFO] [net.minecraft.world.entity.LivingEntity/]: Named entity GnomeEntity['Lvl 1 | mobs.terramity_cave_gnome | ❤ 0/13'/28860, l='ServerLevel[world]', x=78.50, y=-29.00, z=59.50] died: Lvl 1 | mobs.terramity_cave_gnome | ❤ 0/13 fell from a high place
